<?xml version="1.0" encoding="UTF-8"?>
<testng-results skipped="0" failed="0" ignored="0" total="1" passed="1">
  <reporter-output>
  </reporter-output>
  <suite name="Default suite" duration-ms="8534" started-at="2020-11-24T05:37:31Z" finished-at="2020-11-24T05:37:39Z">
    <groups>
    </groups>
    <test name="Default test" duration-ms="8534" started-at="2020-11-24T05:37:31Z" finished-at="2020-11-24T05:37:39Z">
      <class name="testCase.TC1">
        <test-method status="PASS" signature="testcase1()[pri:0, instance:testCase.TC1@1b604f19]" name="testcase1" duration-ms="8490" started-at="2020-11-24T05:37:31Z" finished-at="2020-11-24T05:37:39Z">
          <reporter-output>
          </reporter-output>
        </test-method> <!-- testcase1 -->
      </class> <!-- testCase.TC1 -->
    </test> <!-- Default test -->
  </suite> <!-- Default suite -->
</testng-results>
